/*C4*/SET SCHEMA PUBLIC
DISCONNECT
/*C5*/SET SCHEMA PUBLIC
DISCONNECT
/*C6*/SET SCHEMA PUBLIC
DISCONNECT
/*C7*/SET SCHEMA PUBLIC
DISCONNECT
/*C8*/SET SCHEMA PUBLIC
DISCONNECT
/*C9*/SET SCHEMA PUBLIC
DISCONNECT
/*C11*/SET SCHEMA PUBLIC
DISCONNECT
/*C10*/SET SCHEMA PUBLIC
DISCONNECT
/*C12*/SET SCHEMA PUBLIC
DISCONNECT
/*C13*/SET SCHEMA PUBLIC
DISCONNECT
/*C14*/SET SCHEMA PUBLIC
DISCONNECT
/*C15*/SET SCHEMA PUBLIC
DELETE FROM SYS_SERVER WHERE ID='13a0574c-a857-610f-ce88-e379666a7618'
INSERT INTO SYS_SERVER VALUES('13a0574c-a857-610f-ce88-e379666a7618','2017-05-09 18:04:57.261000',NULL,'2017-05-10 12:12:14.243000',NULL,'localhost:8080/app-core',TRUE,NULL)
COMMIT
DELETE FROM SYS_SERVER WHERE ID='13a0574c-a857-610f-ce88-e379666a7618'
INSERT INTO SYS_SERVER VALUES('13a0574c-a857-610f-ce88-e379666a7618','2017-05-09 18:04:57.261000',NULL,'2017-05-10 12:13:14.238000',NULL,'localhost:8080/app-core',TRUE,NULL)
COMMIT
DELETE FROM SYS_SERVER WHERE ID='13a0574c-a857-610f-ce88-e379666a7618'
INSERT INTO SYS_SERVER VALUES('13a0574c-a857-610f-ce88-e379666a7618','2017-05-09 18:04:57.261000',NULL,'2017-05-10 12:14:15.336000',NULL,'localhost:8080/app-core',TRUE,NULL)
COMMIT
DELETE FROM SYS_SERVER WHERE ID='13a0574c-a857-610f-ce88-e379666a7618'
INSERT INTO SYS_SERVER VALUES('13a0574c-a857-610f-ce88-e379666a7618','2017-05-09 18:04:57.261000',NULL,'2017-05-10 12:15:15.338000',NULL,'localhost:8080/app-core',TRUE,NULL)
COMMIT
DELETE FROM SYS_SERVER WHERE ID='13a0574c-a857-610f-ce88-e379666a7618'
INSERT INTO SYS_SERVER VALUES('13a0574c-a857-610f-ce88-e379666a7618','2017-05-09 18:04:57.261000',NULL,'2017-05-10 12:16:15.338000',NULL,'localhost:8080/app-core',TRUE,NULL)
COMMIT
DELETE FROM SYS_SERVER WHERE ID='13a0574c-a857-610f-ce88-e379666a7618'
INSERT INTO SYS_SERVER VALUES('13a0574c-a857-610f-ce88-e379666a7618','2017-05-09 18:04:57.261000',NULL,'2017-05-10 12:17:15.340000',NULL,'localhost:8080/app-core',TRUE,NULL)
COMMIT
DELETE FROM SYS_SERVER WHERE ID='13a0574c-a857-610f-ce88-e379666a7618'
INSERT INTO SYS_SERVER VALUES('13a0574c-a857-610f-ce88-e379666a7618','2017-05-09 18:04:57.261000',NULL,'2017-05-10 12:18:15.343000',NULL,'localhost:8080/app-core',TRUE,NULL)
COMMIT
DELETE FROM SYS_SERVER WHERE ID='13a0574c-a857-610f-ce88-e379666a7618'
INSERT INTO SYS_SERVER VALUES('13a0574c-a857-610f-ce88-e379666a7618','2017-05-09 18:04:57.261000',NULL,'2017-05-10 12:19:15.344000',NULL,'localhost:8080/app-core',TRUE,NULL)
COMMIT
DELETE FROM SYS_SERVER WHERE ID='13a0574c-a857-610f-ce88-e379666a7618'
INSERT INTO SYS_SERVER VALUES('13a0574c-a857-610f-ce88-e379666a7618','2017-05-09 18:04:57.261000',NULL,'2017-05-10 12:19:57.999000',NULL,'localhost:8080/app-core',FALSE,NULL)
COMMIT
DISCONNECT
/*C16*/SET SCHEMA PUBLIC
DISCONNECT
/*C17*/SET SCHEMA PUBLIC
DISCONNECT
/*C18*/SET SCHEMA PUBLIC
DISCONNECT
/*C19*/SET SCHEMA PUBLIC
DISCONNECT
/*C21*/SET SCHEMA PUBLIC
DISCONNECT
/*C20*/SET SCHEMA PUBLIC
DISCONNECT
/*C22*/SET SCHEMA PUBLIC
DISCONNECT
/*C23*/SET SCHEMA PUBLIC
DISCONNECT
/*C24*/SET SCHEMA PUBLIC
DISCONNECT
/*C25*/SET SCHEMA PUBLIC
DELETE FROM SYS_SERVER WHERE ID='13a0574c-a857-610f-ce88-e379666a7618'
INSERT INTO SYS_SERVER VALUES('13a0574c-a857-610f-ce88-e379666a7618','2017-05-09 18:04:57.261000',NULL,'2017-05-10 12:22:05.187000',NULL,'localhost:8080/app-core',TRUE,NULL)
COMMIT
/*C26*/SET SCHEMA PUBLIC
DELETE FROM SYS_SERVER WHERE ID='13a0574c-a857-610f-ce88-e379666a7618'
INSERT INTO SYS_SERVER VALUES('13a0574c-a857-610f-ce88-e379666a7618','2017-05-09 18:04:57.261000',NULL,'2017-05-10 12:23:05.186000',NULL,'localhost:8080/app-core',TRUE,NULL)
COMMIT
DELETE FROM SYS_SERVER WHERE ID='13a0574c-a857-610f-ce88-e379666a7618'
INSERT INTO SYS_SERVER VALUES('13a0574c-a857-610f-ce88-e379666a7618','2017-05-09 18:04:57.261000',NULL,'2017-05-10 12:24:05.189000',NULL,'localhost:8080/app-core',TRUE,NULL)
COMMIT
DELETE FROM SEC_USER_SETTING WHERE ID='aa9d96ef-fe2e-9bbd-4888-0ff1ccf958d4'
INSERT INTO SEC_USER_SETTING VALUES('aa9d96ef-fe2e-9bbd-4888-0ff1ccf958d4',NULL,NULL,'60885987-1b61-4247-94c7-dff348347f93','W','sattr$BusinessUser.browse','<?xml version="1.0" encoding="UTF-8"?>\u000a\u000a<settings> \u000a  <components> \u000a    <component name="filter"> \u000a      <defaultFilter/>  \u000a      <groupBoxExpanded>true</groupBoxExpanded> \u000a    </component>  \u000a    <component name="businessUsersTable"> \u000a      <columns>\u000a        <columns id="sysUser.login" visible="true"/>\u000a        <columns id="sysUser.name" visible="true"/>\u000a        <columns id="sysUser.firstName" visible="true"/>\u000a        <columns id="sysUser.lastName" visible="true"/>\u000a        <columns id="sysUser.email" visible="true"/>\u000a        <columns id="company" visible="true"/>\u000a      </columns>\u000a      <groupProperties/>\u000a    </component> \u000a  </components> \u000a</settings>\u000a')
COMMIT
DELETE FROM SYS_SERVER WHERE ID='13a0574c-a857-610f-ce88-e379666a7618'
INSERT INTO SYS_SERVER VALUES('13a0574c-a857-610f-ce88-e379666a7618','2017-05-09 18:04:57.261000',NULL,'2017-05-10 12:25:05.189000',NULL,'localhost:8080/app-core',TRUE,NULL)
COMMIT
DELETE FROM SYS_SERVER WHERE ID='13a0574c-a857-610f-ce88-e379666a7618'
INSERT INTO SYS_SERVER VALUES('13a0574c-a857-610f-ce88-e379666a7618','2017-05-09 18:04:57.261000',NULL,'2017-05-10 12:26:05.189000',NULL,'localhost:8080/app-core',TRUE,NULL)
COMMIT
DELETE FROM SYS_SERVER WHERE ID='13a0574c-a857-610f-ce88-e379666a7618'
INSERT INTO SYS_SERVER VALUES('13a0574c-a857-610f-ce88-e379666a7618','2017-05-09 18:04:57.261000',NULL,'2017-05-10 12:27:05.191000',NULL,'localhost:8080/app-core',TRUE,NULL)
COMMIT
INSERT INTO SEC_USER_SETTING VALUES('0b069a5a-74fc-e393-fb8b-bd9bd4169ecf',NULL,NULL,'90eab33e-0f53-db49-af4d-17f23dd9545f','W','sattr$BusinessUser.browse','<?xml version="1.0" encoding="UTF-8"?>\u000a\u000a<settings>\u000a  <components>\u000a    <component name="filter">\u000a      <defaultFilter/>\u000a      <groupBoxExpanded>true</groupBoxExpanded>\u000a    </component>\u000a    <component name="businessUsersTable">\u000a      <columns>\u000a        <columns id="sysUser.login" visible="true"/>\u000a        <columns id="sysUser.name" visible="true"/>\u000a        <columns id="sysUser.firstName" visible="true"/>\u000a        <columns id="sysUser.lastName" visible="true"/>\u000a        <columns id="sysUser.email" visible="true"/>\u000a        <columns id="company" visible="true"/>\u000a      </columns>\u000a      <groupProperties/>\u000a    </component>\u000a  </components>\u000a</settings>\u000a')
COMMIT
DELETE FROM SYS_SERVER WHERE ID='13a0574c-a857-610f-ce88-e379666a7618'
INSERT INTO SYS_SERVER VALUES('13a0574c-a857-610f-ce88-e379666a7618','2017-05-09 18:04:57.261000',NULL,'2017-05-10 12:28:09.441000',NULL,'localhost:8080/app-core',TRUE,NULL)
COMMIT
DELETE FROM SYS_SERVER WHERE ID='13a0574c-a857-610f-ce88-e379666a7618'
INSERT INTO SYS_SERVER VALUES('13a0574c-a857-610f-ce88-e379666a7618','2017-05-09 18:04:57.261000',NULL,'2017-05-10 12:29:09.441000',NULL,'localhost:8080/app-core',TRUE,NULL)
COMMIT
DELETE FROM SYS_SERVER WHERE ID='13a0574c-a857-610f-ce88-e379666a7618'
INSERT INTO SYS_SERVER VALUES('13a0574c-a857-610f-ce88-e379666a7618','2017-05-09 18:04:57.261000',NULL,'2017-05-10 12:30:09.445000',NULL,'localhost:8080/app-core',TRUE,NULL)
COMMIT
DELETE FROM SYS_SERVER WHERE ID='13a0574c-a857-610f-ce88-e379666a7618'
INSERT INTO SYS_SERVER VALUES('13a0574c-a857-610f-ce88-e379666a7618','2017-05-09 18:04:57.261000',NULL,'2017-05-10 12:31:09.446000',NULL,'localhost:8080/app-core',TRUE,NULL)
COMMIT
DELETE FROM SYS_SERVER WHERE ID='13a0574c-a857-610f-ce88-e379666a7618'
INSERT INTO SYS_SERVER VALUES('13a0574c-a857-610f-ce88-e379666a7618','2017-05-09 18:04:57.261000',NULL,'2017-05-10 12:32:09.448000',NULL,'localhost:8080/app-core',TRUE,NULL)
COMMIT
DELETE FROM SYS_SERVER WHERE ID='13a0574c-a857-610f-ce88-e379666a7618'
INSERT INTO SYS_SERVER VALUES('13a0574c-a857-610f-ce88-e379666a7618','2017-05-09 18:04:57.261000',NULL,'2017-05-10 12:33:09.448000',NULL,'localhost:8080/app-core',TRUE,NULL)
COMMIT
DELETE FROM SYS_SERVER WHERE ID='13a0574c-a857-610f-ce88-e379666a7618'
INSERT INTO SYS_SERVER VALUES('13a0574c-a857-610f-ce88-e379666a7618','2017-05-09 18:04:57.261000',NULL,'2017-05-10 12:34:09.451000',NULL,'localhost:8080/app-core',TRUE,NULL)
COMMIT
DELETE FROM SYS_SERVER WHERE ID='13a0574c-a857-610f-ce88-e379666a7618'
INSERT INTO SYS_SERVER VALUES('13a0574c-a857-610f-ce88-e379666a7618','2017-05-09 18:04:57.261000',NULL,'2017-05-10 12:34:20.604000',NULL,'localhost:8080/app-core',FALSE,NULL)
COMMIT
DISCONNECT
/*C25*/DISCONNECT
/*C27*/SET SCHEMA PUBLIC
DISCONNECT
/*C28*/SET SCHEMA PUBLIC
DISCONNECT
/*C29*/SET SCHEMA PUBLIC
DISCONNECT
/*C30*/SET SCHEMA PUBLIC
DISCONNECT
/*C32*/SET SCHEMA PUBLIC
DISCONNECT
/*C31*/SET SCHEMA PUBLIC
DISCONNECT
/*C33*/SET SCHEMA PUBLIC
DISCONNECT
/*C34*/SET SCHEMA PUBLIC
DISCONNECT
/*C35*/SET SCHEMA PUBLIC
DISCONNECT
/*C36*/SET SCHEMA PUBLIC
DELETE FROM SYS_SERVER WHERE ID='13a0574c-a857-610f-ce88-e379666a7618'
INSERT INTO SYS_SERVER VALUES('13a0574c-a857-610f-ce88-e379666a7618','2017-05-09 18:04:57.261000',NULL,'2017-05-10 12:35:06.091000',NULL,'localhost:8080/app-core',FALSE,NULL)
COMMIT
DISCONNECT
/*C37*/SET SCHEMA PUBLIC
DISCONNECT
/*C38*/SET SCHEMA PUBLIC
DISCONNECT
/*C39*/SET SCHEMA PUBLIC
DISCONNECT
/*C40*/SET SCHEMA PUBLIC
DISCONNECT
/*C42*/SET SCHEMA PUBLIC
DISCONNECT
/*C41*/SET SCHEMA PUBLIC
DISCONNECT
/*C43*/SET SCHEMA PUBLIC
DISCONNECT
/*C44*/SET SCHEMA PUBLIC
DISCONNECT
/*C45*/SET SCHEMA PUBLIC
DISCONNECT
/*C46*/SET SCHEMA PUBLIC
DELETE FROM SYS_SERVER WHERE ID='13a0574c-a857-610f-ce88-e379666a7618'
INSERT INTO SYS_SERVER VALUES('13a0574c-a857-610f-ce88-e379666a7618','2017-05-09 18:04:57.261000',NULL,'2017-05-10 12:36:19.743000',NULL,'localhost:8080/app-core',TRUE,NULL)
COMMIT
DELETE FROM SYS_SERVER WHERE ID='13a0574c-a857-610f-ce88-e379666a7618'
INSERT INTO SYS_SERVER VALUES('13a0574c-a857-610f-ce88-e379666a7618','2017-05-09 18:04:57.261000',NULL,'2017-05-10 12:37:19.739000',NULL,'localhost:8080/app-core',TRUE,NULL)
COMMIT
DELETE FROM SYS_SERVER WHERE ID='13a0574c-a857-610f-ce88-e379666a7618'
INSERT INTO SYS_SERVER VALUES('13a0574c-a857-610f-ce88-e379666a7618','2017-05-09 18:04:57.261000',NULL,'2017-05-10 12:37:48.614000',NULL,'localhost:8080/app-core',FALSE,NULL)
COMMIT
DISCONNECT
/*C47*/SET SCHEMA PUBLIC
DISCONNECT
/*C48*/SET SCHEMA PUBLIC
DISCONNECT
/*C49*/SET SCHEMA PUBLIC
DISCONNECT
/*C50*/SET SCHEMA PUBLIC
DISCONNECT
/*C52*/SET SCHEMA PUBLIC
DISCONNECT
/*C51*/SET SCHEMA PUBLIC
DISCONNECT
/*C53*/SET SCHEMA PUBLIC
DISCONNECT
/*C54*/SET SCHEMA PUBLIC
DISCONNECT
/*C55*/SET SCHEMA PUBLIC
DISCONNECT
/*C56*/SET SCHEMA PUBLIC
DELETE FROM SYS_SERVER WHERE ID='13a0574c-a857-610f-ce88-e379666a7618'
INSERT INTO SYS_SERVER VALUES('13a0574c-a857-610f-ce88-e379666a7618','2017-05-09 18:04:57.261000',NULL,'2017-05-10 12:38:53.730000',NULL,'localhost:8080/app-core',TRUE,NULL)
COMMIT
/*C57*/SET SCHEMA PUBLIC
DELETE FROM SYS_SERVER WHERE ID='13a0574c-a857-610f-ce88-e379666a7618'
INSERT INTO SYS_SERVER VALUES('13a0574c-a857-610f-ce88-e379666a7618','2017-05-09 18:04:57.261000',NULL,'2017-05-10 12:39:53.729000',NULL,'localhost:8080/app-core',TRUE,NULL)
COMMIT
DELETE FROM SYS_SERVER WHERE ID='13a0574c-a857-610f-ce88-e379666a7618'
INSERT INTO SYS_SERVER VALUES('13a0574c-a857-610f-ce88-e379666a7618','2017-05-09 18:04:57.261000',NULL,'2017-05-10 12:40:53.732000',NULL,'localhost:8080/app-core',TRUE,NULL)
COMMIT
DELETE FROM SYS_SERVER WHERE ID='13a0574c-a857-610f-ce88-e379666a7618'
INSERT INTO SYS_SERVER VALUES('13a0574c-a857-610f-ce88-e379666a7618','2017-05-09 18:04:57.261000',NULL,'2017-05-10 12:41:53.735000',NULL,'localhost:8080/app-core',TRUE,NULL)
COMMIT
DELETE FROM SYS_SERVER WHERE ID='13a0574c-a857-610f-ce88-e379666a7618'
INSERT INTO SYS_SERVER VALUES('13a0574c-a857-610f-ce88-e379666a7618','2017-05-09 18:04:57.261000',NULL,'2017-05-10 12:42:53.736000',NULL,'localhost:8080/app-core',TRUE,NULL)
COMMIT
DELETE FROM SYS_SERVER WHERE ID='13a0574c-a857-610f-ce88-e379666a7618'
INSERT INTO SYS_SERVER VALUES('13a0574c-a857-610f-ce88-e379666a7618','2017-05-09 18:04:57.261000',NULL,'2017-05-10 12:44:09.639000',NULL,'localhost:8080/app-core',TRUE,NULL)
COMMIT
DELETE FROM SYS_SERVER WHERE ID='13a0574c-a857-610f-ce88-e379666a7618'
INSERT INTO SYS_SERVER VALUES('13a0574c-a857-610f-ce88-e379666a7618','2017-05-09 18:04:57.261000',NULL,'2017-05-10 12:44:17.806000',NULL,'localhost:8080/app-core',FALSE,NULL)
COMMIT
DISCONNECT
/*C56*/DISCONNECT
/*C58*/SET SCHEMA PUBLIC
DISCONNECT
/*C59*/SET SCHEMA PUBLIC
DISCONNECT
/*C60*/SET SCHEMA PUBLIC
DISCONNECT
/*C61*/SET SCHEMA PUBLIC
DISCONNECT
/*C63*/SET SCHEMA PUBLIC
DISCONNECT
/*C62*/SET SCHEMA PUBLIC
DISCONNECT
/*C64*/SET SCHEMA PUBLIC
DISCONNECT
/*C65*/SET SCHEMA PUBLIC
DISCONNECT
/*C66*/SET SCHEMA PUBLIC
DISCONNECT
/*C67*/SET SCHEMA PUBLIC
DELETE FROM SYS_SERVER WHERE ID='13a0574c-a857-610f-ce88-e379666a7618'
INSERT INTO SYS_SERVER VALUES('13a0574c-a857-610f-ce88-e379666a7618','2017-05-09 18:04:57.261000',NULL,'2017-05-10 12:45:16.297000',NULL,'localhost:8080/app-core',TRUE,NULL)
COMMIT
DELETE FROM SYS_SERVER WHERE ID='13a0574c-a857-610f-ce88-e379666a7618'
INSERT INTO SYS_SERVER VALUES('13a0574c-a857-610f-ce88-e379666a7618','2017-05-09 18:04:57.261000',NULL,'2017-05-10 12:46:16.298000',NULL,'localhost:8080/app-core',TRUE,NULL)
COMMIT
DELETE FROM SYS_SERVER WHERE ID='13a0574c-a857-610f-ce88-e379666a7618'
INSERT INTO SYS_SERVER VALUES('13a0574c-a857-610f-ce88-e379666a7618','2017-05-09 18:04:57.261000',NULL,'2017-05-10 12:47:16.298000',NULL,'localhost:8080/app-core',TRUE,NULL)
COMMIT
DELETE FROM SYS_SERVER WHERE ID='13a0574c-a857-610f-ce88-e379666a7618'
INSERT INTO SYS_SERVER VALUES('13a0574c-a857-610f-ce88-e379666a7618','2017-05-09 18:04:57.261000',NULL,'2017-05-10 12:47:39.346000',NULL,'localhost:8080/app-core',FALSE,NULL)
COMMIT
DISCONNECT
/*C68*/SET SCHEMA PUBLIC
DISCONNECT
/*C69*/SET SCHEMA PUBLIC
DISCONNECT
/*C70*/SET SCHEMA PUBLIC
DISCONNECT
/*C71*/SET SCHEMA PUBLIC
DISCONNECT
/*C73*/SET SCHEMA PUBLIC
DISCONNECT
/*C72*/SET SCHEMA PUBLIC
DISCONNECT
/*C74*/SET SCHEMA PUBLIC
DISCONNECT
/*C75*/SET SCHEMA PUBLIC
DISCONNECT
/*C76*/SET SCHEMA PUBLIC
DISCONNECT
/*C77*/SET SCHEMA PUBLIC
DELETE FROM SYS_SERVER WHERE ID='13a0574c-a857-610f-ce88-e379666a7618'
INSERT INTO SYS_SERVER VALUES('13a0574c-a857-610f-ce88-e379666a7618','2017-05-09 18:04:57.261000',NULL,'2017-05-10 12:49:13.658000',NULL,'localhost:8080/app-core',TRUE,NULL)
COMMIT
DELETE FROM SYS_SERVER WHERE ID='13a0574c-a857-610f-ce88-e379666a7618'
INSERT INTO SYS_SERVER VALUES('13a0574c-a857-610f-ce88-e379666a7618','2017-05-09 18:04:57.261000',NULL,'2017-05-10 12:49:41.993000',NULL,'localhost:8080/app-core',FALSE,NULL)
COMMIT
DISCONNECT
/*C78*/SET SCHEMA PUBLIC
DISCONNECT
/*C79*/SET SCHEMA PUBLIC
DISCONNECT
/*C80*/SET SCHEMA PUBLIC
DISCONNECT
/*C81*/SET SCHEMA PUBLIC
DISCONNECT
/*C83*/SET SCHEMA PUBLIC
DISCONNECT
/*C82*/SET SCHEMA PUBLIC
DISCONNECT
/*C84*/SET SCHEMA PUBLIC
DISCONNECT
/*C85*/SET SCHEMA PUBLIC
DISCONNECT
/*C86*/SET SCHEMA PUBLIC
DISCONNECT
/*C87*/SET SCHEMA PUBLIC
DELETE FROM SYS_SERVER WHERE ID='13a0574c-a857-610f-ce88-e379666a7618'
INSERT INTO SYS_SERVER VALUES('13a0574c-a857-610f-ce88-e379666a7618','2017-05-09 18:04:57.261000',NULL,'2017-05-10 12:50:58.778000',NULL,'localhost:8080/app-core',TRUE,NULL)
COMMIT
DELETE FROM SYS_SERVER WHERE ID='13a0574c-a857-610f-ce88-e379666a7618'
INSERT INTO SYS_SERVER VALUES('13a0574c-a857-610f-ce88-e379666a7618','2017-05-09 18:04:57.261000',NULL,'2017-05-10 12:51:58.776000',NULL,'localhost:8080/app-core',TRUE,NULL)
COMMIT
DELETE FROM SYS_SERVER WHERE ID='13a0574c-a857-610f-ce88-e379666a7618'
INSERT INTO SYS_SERVER VALUES('13a0574c-a857-610f-ce88-e379666a7618','2017-05-09 18:04:57.261000',NULL,'2017-05-10 12:52:59.058000',NULL,'localhost:8080/app-core',TRUE,NULL)
COMMIT
DELETE FROM SYS_SERVER WHERE ID='13a0574c-a857-610f-ce88-e379666a7618'
INSERT INTO SYS_SERVER VALUES('13a0574c-a857-610f-ce88-e379666a7618','2017-05-09 18:04:57.261000',NULL,'2017-05-10 12:53:59.060000',NULL,'localhost:8080/app-core',TRUE,NULL)
COMMIT
DELETE FROM SYS_SERVER WHERE ID='13a0574c-a857-610f-ce88-e379666a7618'
INSERT INTO SYS_SERVER VALUES('13a0574c-a857-610f-ce88-e379666a7618','2017-05-09 18:04:57.261000',NULL,'2017-05-10 12:54:59.061000',NULL,'localhost:8080/app-core',TRUE,NULL)
COMMIT
DELETE FROM SYS_SERVER WHERE ID='13a0574c-a857-610f-ce88-e379666a7618'
INSERT INTO SYS_SERVER VALUES('13a0574c-a857-610f-ce88-e379666a7618','2017-05-09 18:04:57.261000',NULL,'2017-05-10 12:55:59.064000',NULL,'localhost:8080/app-core',TRUE,NULL)
COMMIT
DELETE FROM SYS_SERVER WHERE ID='13a0574c-a857-610f-ce88-e379666a7618'
INSERT INTO SYS_SERVER VALUES('13a0574c-a857-610f-ce88-e379666a7618','2017-05-09 18:04:57.261000',NULL,'2017-05-10 12:56:59.064000',NULL,'localhost:8080/app-core',TRUE,NULL)
COMMIT
DELETE FROM SYS_SERVER WHERE ID='13a0574c-a857-610f-ce88-e379666a7618'
INSERT INTO SYS_SERVER VALUES('13a0574c-a857-610f-ce88-e379666a7618','2017-05-09 18:04:57.261000',NULL,'2017-05-10 12:57:59.064000',NULL,'localhost:8080/app-core',TRUE,NULL)
COMMIT
DELETE FROM SYS_SERVER WHERE ID='13a0574c-a857-610f-ce88-e379666a7618'
INSERT INTO SYS_SERVER VALUES('13a0574c-a857-610f-ce88-e379666a7618','2017-05-09 18:04:57.261000',NULL,'2017-05-10 12:58:59.065000',NULL,'localhost:8080/app-core',TRUE,NULL)
COMMIT
DELETE FROM SYS_SERVER WHERE ID='13a0574c-a857-610f-ce88-e379666a7618'
INSERT INTO SYS_SERVER VALUES('13a0574c-a857-610f-ce88-e379666a7618','2017-05-09 18:04:57.261000',NULL,'2017-05-10 12:59:59.066000',NULL,'localhost:8080/app-core',TRUE,NULL)
COMMIT
DELETE FROM SYS_SERVER WHERE ID='13a0574c-a857-610f-ce88-e379666a7618'
INSERT INTO SYS_SERVER VALUES('13a0574c-a857-610f-ce88-e379666a7618','2017-05-09 18:04:57.261000',NULL,'2017-05-10 13:00:59.067000',NULL,'localhost:8080/app-core',TRUE,NULL)
COMMIT
DELETE FROM SYS_SERVER WHERE ID='13a0574c-a857-610f-ce88-e379666a7618'
INSERT INTO SYS_SERVER VALUES('13a0574c-a857-610f-ce88-e379666a7618','2017-05-09 18:04:57.261000',NULL,'2017-05-10 13:01:59.068000',NULL,'localhost:8080/app-core',TRUE,NULL)
COMMIT
DELETE FROM SYS_SERVER WHERE ID='13a0574c-a857-610f-ce88-e379666a7618'
INSERT INTO SYS_SERVER VALUES('13a0574c-a857-610f-ce88-e379666a7618','2017-05-09 18:04:57.261000',NULL,'2017-05-10 13:02:59.068000',NULL,'localhost:8080/app-core',TRUE,NULL)
COMMIT
DELETE FROM SYS_SERVER WHERE ID='13a0574c-a857-610f-ce88-e379666a7618'
INSERT INTO SYS_SERVER VALUES('13a0574c-a857-610f-ce88-e379666a7618','2017-05-09 18:04:57.261000',NULL,'2017-05-10 13:03:59.069000',NULL,'localhost:8080/app-core',TRUE,NULL)
COMMIT
DELETE FROM SYS_SERVER WHERE ID='13a0574c-a857-610f-ce88-e379666a7618'
INSERT INTO SYS_SERVER VALUES('13a0574c-a857-610f-ce88-e379666a7618','2017-05-09 18:04:57.261000',NULL,'2017-05-10 13:04:59.071000',NULL,'localhost:8080/app-core',TRUE,NULL)
COMMIT
DELETE FROM SYS_SERVER WHERE ID='13a0574c-a857-610f-ce88-e379666a7618'
INSERT INTO SYS_SERVER VALUES('13a0574c-a857-610f-ce88-e379666a7618','2017-05-09 18:04:57.261000',NULL,'2017-05-10 13:05:59.074000',NULL,'localhost:8080/app-core',TRUE,NULL)
COMMIT
DELETE FROM SYS_SERVER WHERE ID='13a0574c-a857-610f-ce88-e379666a7618'
INSERT INTO SYS_SERVER VALUES('13a0574c-a857-610f-ce88-e379666a7618','2017-05-09 18:04:57.261000',NULL,'2017-05-10 13:06:59.076000',NULL,'localhost:8080/app-core',TRUE,NULL)
COMMIT
DELETE FROM SYS_SERVER WHERE ID='13a0574c-a857-610f-ce88-e379666a7618'
INSERT INTO SYS_SERVER VALUES('13a0574c-a857-610f-ce88-e379666a7618','2017-05-09 18:04:57.261000',NULL,'2017-05-10 13:07:59.077000',NULL,'localhost:8080/app-core',TRUE,NULL)
COMMIT
DELETE FROM SYS_SERVER WHERE ID='13a0574c-a857-610f-ce88-e379666a7618'
INSERT INTO SYS_SERVER VALUES('13a0574c-a857-610f-ce88-e379666a7618','2017-05-09 18:04:57.261000',NULL,'2017-05-10 13:08:59.078000',NULL,'localhost:8080/app-core',TRUE,NULL)
COMMIT
DELETE FROM SYS_SERVER WHERE ID='13a0574c-a857-610f-ce88-e379666a7618'
INSERT INTO SYS_SERVER VALUES('13a0574c-a857-610f-ce88-e379666a7618','2017-05-09 18:04:57.261000',NULL,'2017-05-10 13:09:59.079000',NULL,'localhost:8080/app-core',TRUE,NULL)
COMMIT
DELETE FROM SYS_SERVER WHERE ID='13a0574c-a857-610f-ce88-e379666a7618'
INSERT INTO SYS_SERVER VALUES('13a0574c-a857-610f-ce88-e379666a7618','2017-05-09 18:04:57.261000',NULL,'2017-05-10 13:10:59.081000',NULL,'localhost:8080/app-core',TRUE,NULL)
COMMIT
DELETE FROM SYS_SERVER WHERE ID='13a0574c-a857-610f-ce88-e379666a7618'
INSERT INTO SYS_SERVER VALUES('13a0574c-a857-610f-ce88-e379666a7618','2017-05-09 18:04:57.261000',NULL,'2017-05-10 13:11:59.082000',NULL,'localhost:8080/app-core',TRUE,NULL)
COMMIT
DELETE FROM SYS_SERVER WHERE ID='13a0574c-a857-610f-ce88-e379666a7618'
INSERT INTO SYS_SERVER VALUES('13a0574c-a857-610f-ce88-e379666a7618','2017-05-09 18:04:57.261000',NULL,'2017-05-10 13:12:59.083000',NULL,'localhost:8080/app-core',TRUE,NULL)
COMMIT
DELETE FROM SYS_SERVER WHERE ID='13a0574c-a857-610f-ce88-e379666a7618'
INSERT INTO SYS_SERVER VALUES('13a0574c-a857-610f-ce88-e379666a7618','2017-05-09 18:04:57.261000',NULL,'2017-05-10 13:13:59.084000',NULL,'localhost:8080/app-core',TRUE,NULL)
COMMIT
DELETE FROM SYS_SERVER WHERE ID='13a0574c-a857-610f-ce88-e379666a7618'
INSERT INTO SYS_SERVER VALUES('13a0574c-a857-610f-ce88-e379666a7618','2017-05-09 18:04:57.261000',NULL,'2017-05-10 13:14:59.085000',NULL,'localhost:8080/app-core',TRUE,NULL)
COMMIT
DELETE FROM SYS_SERVER WHERE ID='13a0574c-a857-610f-ce88-e379666a7618'
INSERT INTO SYS_SERVER VALUES('13a0574c-a857-610f-ce88-e379666a7618','2017-05-09 18:04:57.261000',NULL,'2017-05-10 13:15:59.086000',NULL,'localhost:8080/app-core',TRUE,NULL)
COMMIT
DISCONNECT
/*C88*/SET SCHEMA PUBLIC
DISCONNECT
/*C89*/SET SCHEMA PUBLIC
DISCONNECT
/*C90*/SET SCHEMA PUBLIC
DISCONNECT
/*C91*/SET SCHEMA PUBLIC
DISCONNECT
/*C93*/SET SCHEMA PUBLIC
DISCONNECT
/*C92*/SET SCHEMA PUBLIC
DISCONNECT
/*C94*/SET SCHEMA PUBLIC
DISCONNECT
/*C95*/SET SCHEMA PUBLIC
DISCONNECT
/*C96*/SET SCHEMA PUBLIC
DISCONNECT
/*C97*/SET SCHEMA PUBLIC
DELETE FROM SYS_SERVER WHERE ID='13a0574c-a857-610f-ce88-e379666a7618'
INSERT INTO SYS_SERVER VALUES('13a0574c-a857-610f-ce88-e379666a7618','2017-05-09 18:04:57.261000',NULL,'2017-05-10 13:20:33.889000',NULL,'localhost:8080/app-core',TRUE,NULL)
COMMIT
DELETE FROM SYS_SERVER WHERE ID='13a0574c-a857-610f-ce88-e379666a7618'
INSERT INTO SYS_SERVER VALUES('13a0574c-a857-610f-ce88-e379666a7618','2017-05-09 18:04:57.261000',NULL,'2017-05-10 13:21:33.888000',NULL,'localhost:8080/app-core',TRUE,NULL)
COMMIT
DELETE FROM SYS_SERVER WHERE ID='13a0574c-a857-610f-ce88-e379666a7618'
INSERT INTO SYS_SERVER VALUES('13a0574c-a857-610f-ce88-e379666a7618','2017-05-09 18:04:57.261000',NULL,'2017-05-10 13:22:33.890000',NULL,'localhost:8080/app-core',TRUE,NULL)
COMMIT
DELETE FROM SYS_SERVER WHERE ID='13a0574c-a857-610f-ce88-e379666a7618'
INSERT INTO SYS_SERVER VALUES('13a0574c-a857-610f-ce88-e379666a7618','2017-05-09 18:04:57.261000',NULL,'2017-05-10 13:23:33.891000',NULL,'localhost:8080/app-core',TRUE,NULL)
COMMIT
DELETE FROM SYS_SERVER WHERE ID='13a0574c-a857-610f-ce88-e379666a7618'
INSERT INTO SYS_SERVER VALUES('13a0574c-a857-610f-ce88-e379666a7618','2017-05-09 18:04:57.261000',NULL,'2017-05-10 13:24:33.892000',NULL,'localhost:8080/app-core',TRUE,NULL)
COMMIT
DELETE FROM SYS_SERVER WHERE ID='13a0574c-a857-610f-ce88-e379666a7618'
INSERT INTO SYS_SERVER VALUES('13a0574c-a857-610f-ce88-e379666a7618','2017-05-09 18:04:57.261000',NULL,'2017-05-10 13:25:33.892000',NULL,'localhost:8080/app-core',TRUE,NULL)
COMMIT
